@!@!@STARTMSG 2262:0 @!@!@
TLC2 Version 2.16 of 31 December 2020 (rev: cdddf55)
@!@!@ENDMSG 2262 @!@!@
@!@!@STARTMSG 2187:0 @!@!@
Running breadth-first search Model-Checking with fp 63 and seed 164739243143669835 with 4 workers on 8 cores with 1161MB heap and 2609MB offheap memory [pid: 15093] (Linux 5.8.0-44-generic amd64, AdoptOpenJDK 14.0.1 x86_64, OffHeapDiskFPSet, DiskStateQueue).
@!@!@ENDMSG 2187 @!@!@
@!@!@STARTMSG 2220:0 @!@!@
Starting SANY...
@!@!@ENDMSG 2220 @!@!@
Parsing file /home/oblic/TLA+/Learning/Single_Lane_Bridge/Single_Lane_Bridge.toolbox/Single_Lane_Bridge/MC.tla
Parsing file /home/oblic/TLA+/Learning/Single_Lane_Bridge/Single_Lane_Bridge.toolbox/Single_Lane_Bridge/Single_Lane_Bridge.tla
Parsing file /home/oblic/TLA+/TLA_toolbox/plugins/org.lamport.tlatools_1.0.0.202012311918/tla2sany/StandardModules/TLC.tla
Parsing file /home/oblic/TLA+/TLA_toolbox/plugins/org.lamport.tlatools_1.0.0.202012311918/tla2sany/StandardModules/Naturals.tla
Parsing file /home/oblic/TLA+/TLA_toolbox/plugins/org.lamport.tlatools_1.0.0.202012311918/tla2sany/StandardModules/FiniteSets.tla
Parsing file /home/oblic/TLA+/TLA_toolbox/plugins/org.lamport.tlatools_1.0.0.202012311918/tla2sany/StandardModules/Sequences.tla
Semantic processing of module Naturals
Semantic processing of module Sequences
Semantic processing of module FiniteSets
Semantic processing of module Single_Lane_Bridge
Semantic processing of module TLC
Semantic processing of module MC
@!@!@STARTMSG 2219:0 @!@!@
SANY finished.
@!@!@ENDMSG 2219 @!@!@
@!@!@STARTMSG 2185:0 @!@!@
Starting... (2021-03-08 21:16:03)
@!@!@ENDMSG 2185 @!@!@
@!@!@STARTMSG 2212:0 @!@!@
Implied-temporal checking--satisfiability problem has 8 branches.
@!@!@ENDMSG 2212 @!@!@
@!@!@STARTMSG 2189:0 @!@!@
Computing initial states...
@!@!@ENDMSG 2189 @!@!@
@!@!@STARTMSG 2190:0 @!@!@
Finished computing initial states: 1 distinct state generated at 2021-03-08 21:16:04.
@!@!@ENDMSG 2190 @!@!@
@!@!@STARTMSG 2200:0 @!@!@
Progress(29) at 2021-03-08 21:16:05: 14,377 states generated, 2,840 distinct states found, 0 states left on queue.
@!@!@ENDMSG 2200 @!@!@
@!@!@STARTMSG 2192:0 @!@!@
Checking 8 branches of temporal properties for the complete state space with 22720 total distinct states at (2021-03-08 21:16:05)
@!@!@ENDMSG 2192 @!@!@
@!@!@STARTMSG 2267:0 @!@!@
Finished checking temporal properties in 00s at 2021-03-08 21:16:06
@!@!@ENDMSG 2267 @!@!@
@!@!@STARTMSG 2193:0 @!@!@
Model checking completed. No error has been found.
  Estimates of the probability that TLC did not check all reachable states
  because two distinct states had the same fingerprint:
  calculated (optimistic):  val = 1.8E-12
@!@!@ENDMSG 2193 @!@!@
@!@!@STARTMSG 2201:0 @!@!@
The coverage statistics at 2021-03-08 21:16:06
@!@!@ENDMSG 2201 @!@!@
@!@!@STARTMSG 2773:0 @!@!@
<Init line 15, col 1 to line 15, col 4 of module Single_Lane_Bridge>: 1:1
@!@!@ENDMSG 2773 @!@!@
@!@!@STARTMSG 2221:0 @!@!@
  line 16, col 5 to line 17, col 21 of module Single_Lane_Bridge: 1
@!@!@ENDMSG 2221 @!@!@
@!@!@STARTMSG 2772:0 @!@!@
<Move line 40, col 1 to line 40, col 9 of module Single_Lane_Bridge>: 1968:7759
@!@!@ENDMSG 2772 @!@!@
@!@!@STARTMSG 2221:0 @!@!@
  line 41, col 8 to line 41, col 38 of module Single_Lane_Bridge: 19715
@!@!@ENDMSG 2221 @!@!@
@!@!@STARTMSG 2221:0 @!@!@
  |line 41, col 8 to line 41, col 24 of module Single_Lane_Bridge: 11956
@!@!@ENDMSG 2221 @!@!@
@!@!@STARTMSG 2221:0 @!@!@
  ||line 27, col 22 to line 27, col 93 of module Single_Lane_Bridge: 11956
@!@!@ENDMSG 2221 @!@!@
@!@!@STARTMSG 2221:0 @!@!@
  |||line 27, col 25 to line 27, col 41 of module Single_Lane_Bridge: 11956
@!@!@ENDMSG 2221 @!@!@
@!@!@STARTMSG 2221:0 @!@!@
  |||line 27, col 48 to line 27, col 67 of module Single_Lane_Bridge: 5978
@!@!@ENDMSG 2221 @!@!@
@!@!@STARTMSG 2221:0 @!@!@
  ||||line 24, col 15 to line 24, col 44 of module Single_Lane_Bridge: 5978
@!@!@ENDMSG 2221 @!@!@
@!@!@STARTMSG 2221:0 @!@!@
  |||||line 24, col 18 to line 24, col 24 of module Single_Lane_Bridge: 5978
@!@!@ENDMSG 2221 @!@!@
@!@!@STARTMSG 2221:0 @!@!@
  |||||line 24, col 31 to line 24, col 37 of module Single_Lane_Bridge: 5166
@!@!@ENDMSG 2221 @!@!@
@!@!@STARTMSG 2221:0 @!@!@
  ||||line 27, col 54 to line 27, col 66 of module Single_Lane_Bridge: 5978
@!@!@ENDMSG 2221 @!@!@
@!@!@STARTMSG 2221:0 @!@!@
  |||line 27, col 74 to line 27, col 93 of module Single_Lane_Bridge: 5978
@!@!@ENDMSG 2221 @!@!@
@!@!@STARTMSG 2221:0 @!@!@
  ||||line 25, col 15 to line 25, col 44 of module Single_Lane_Bridge: 5978
@!@!@ENDMSG 2221 @!@!@
@!@!@STARTMSG 2221:0 @!@!@
  |||||line 25, col 18 to line 25, col 24 of module Single_Lane_Bridge: 5978
@!@!@ENDMSG 2221 @!@!@
@!@!@STARTMSG 2221:0 @!@!@
  |||||line 25, col 31 to line 25, col 37 of module Single_Lane_Bridge: 5166
@!@!@ENDMSG 2221 @!@!@
@!@!@STARTMSG 2221:0 @!@!@
  ||||line 27, col 80 to line 27, col 92 of module Single_Lane_Bridge: 5978
@!@!@ENDMSG 2221 @!@!@
@!@!@STARTMSG 2221:0 @!@!@
  ||line 41, col 21 to line 41, col 23 of module Single_Lane_Bridge: 11956
@!@!@ENDMSG 2221 @!@!@
@!@!@STARTMSG 2221:0 @!@!@
  |line 41, col 33 to line 41, col 38 of module Single_Lane_Bridge: 11956
@!@!@ENDMSG 2221 @!@!@
@!@!@STARTMSG 2221:0 @!@!@
  line 30, col 11 to line 31, col 68 of module Single_Lane_Bridge: 7759
@!@!@ENDMSG 2221 @!@!@
@!@!@STARTMSG 2221:0 @!@!@
  |line 30, col 14 to line 30, col 67 of module Single_Lane_Bridge: 7759
@!@!@ENDMSG 2221 @!@!@
@!@!@STARTMSG 2221:0 @!@!@
  ||line 30, col 14 to line 30, col 30 of module Single_Lane_Bridge: 7759
@!@!@ENDMSG 2221 @!@!@
@!@!@STARTMSG 2221:0 @!@!@
  ||line 30, col 35 to line 30, col 67 of module Single_Lane_Bridge: 3875
@!@!@ENDMSG 2221 @!@!@
@!@!@STARTMSG 2221:0 @!@!@
  |||line 30, col 35 to line 30, col 51 of module Single_Lane_Bridge: 3875
@!@!@ENDMSG 2221 @!@!@
@!@!@STARTMSG 2221:0 @!@!@
  ||||line 27, col 22 to line 27, col 93 of module Single_Lane_Bridge: 3875
@!@!@ENDMSG 2221 @!@!@
@!@!@STARTMSG 2221:0 @!@!@
  |||||line 27, col 25 to line 27, col 41 of module Single_Lane_Bridge: 3875
@!@!@ENDMSG 2221 @!@!@
@!@!@STARTMSG 2221:0 @!@!@
  |||||line 27, col 48 to line 27, col 67 of module Single_Lane_Bridge: 3875
@!@!@ENDMSG 2221 @!@!@
@!@!@STARTMSG 2221:0 @!@!@
  ||||||line 24, col 15 to line 24, col 44 of module Single_Lane_Bridge: 3875
@!@!@ENDMSG 2221 @!@!@
@!@!@STARTMSG 2221:0 @!@!@
  |||||||line 24, col 18 to line 24, col 24 of module Single_Lane_Bridge: 3875
@!@!@ENDMSG 2221 @!@!@
@!@!@STARTMSG 2221:0 @!@!@
  |||||||line 24, col 31 to line 24, col 37 of module Single_Lane_Bridge: 3063
@!@!@ENDMSG 2221 @!@!@
@!@!@STARTMSG 2221:0 @!@!@
  ||||||line 27, col 54 to line 27, col 66 of module Single_Lane_Bridge: 3875
@!@!@ENDMSG 2221 @!@!@
@!@!@STARTMSG 2221:0 @!@!@
  ||||line 30, col 48 to line 30, col 50 of module Single_Lane_Bridge: 3875
@!@!@ENDMSG 2221 @!@!@
@!@!@STARTMSG 2221:0 @!@!@
  |||line 30, col 55 to line 30, col 67 of module Single_Lane_Bridge: 3875
@!@!@ENDMSG 2221 @!@!@
@!@!@STARTMSG 2221:0 @!@!@
  |line 31, col 14 to line 31, col 68 of module Single_Lane_Bridge: 6882
@!@!@ENDMSG 2221 @!@!@
@!@!@STARTMSG 2221:0 @!@!@
  ||line 31, col 14 to line 31, col 29 of module Single_Lane_Bridge: 6882
@!@!@ENDMSG 2221 @!@!@
@!@!@STARTMSG 2221:0 @!@!@
  ||line 31, col 34 to line 31, col 68 of module Single_Lane_Bridge: 3884
@!@!@ENDMSG 2221 @!@!@
@!@!@STARTMSG 2221:0 @!@!@
  |||line 31, col 34 to line 31, col 50 of module Single_Lane_Bridge: 3884
@!@!@ENDMSG 2221 @!@!@
@!@!@STARTMSG 2221:0 @!@!@
  ||||line 27, col 22 to line 27, col 93 of module Single_Lane_Bridge: 3884
@!@!@ENDMSG 2221 @!@!@
@!@!@STARTMSG 2221:0 @!@!@
  |||||line 27, col 25 to line 27, col 41 of module Single_Lane_Bridge: 3884
@!@!@ENDMSG 2221 @!@!@
@!@!@STARTMSG 2221:0 @!@!@
  |||||line 27, col 74 to line 27, col 93 of module Single_Lane_Bridge: 3884
@!@!@ENDMSG 2221 @!@!@
@!@!@STARTMSG 2221:0 @!@!@
  ||||||line 25, col 15 to line 25, col 44 of module Single_Lane_Bridge: 3884
@!@!@ENDMSG 2221 @!@!@
@!@!@STARTMSG 2221:0 @!@!@
  |||||||line 25, col 18 to line 25, col 24 of module Single_Lane_Bridge: 3884
@!@!@ENDMSG 2221 @!@!@
@!@!@STARTMSG 2221:0 @!@!@
  |||||||line 25, col 31 to line 25, col 37 of module Single_Lane_Bridge: 3072
@!@!@ENDMSG 2221 @!@!@
@!@!@STARTMSG 2221:0 @!@!@
  ||||||line 27, col 80 to line 27, col 92 of module Single_Lane_Bridge: 3884
@!@!@ENDMSG 2221 @!@!@
@!@!@STARTMSG 2221:0 @!@!@
  ||||line 31, col 47 to line 31, col 49 of module Single_Lane_Bridge: 3884
@!@!@ENDMSG 2221 @!@!@
@!@!@STARTMSG 2221:0 @!@!@
  |||line 31, col 54 to line 31, col 68 of module Single_Lane_Bridge: 3884
@!@!@ENDMSG 2221 @!@!@
@!@!@STARTMSG 2221:0 @!@!@
  line 32, col 14 to line 32, col 44 of module Single_Lane_Bridge: 1913
@!@!@ENDMSG 2221 @!@!@
@!@!@STARTMSG 2221:0 @!@!@
  line 33, col 14 to line 33, col 30 of module Single_Lane_Bridge: 5846
@!@!@ENDMSG 2221 @!@!@
@!@!@STARTMSG 2221:0 @!@!@
  line 34, col 8 to line 34, col 65 of module Single_Lane_Bridge: 7759
@!@!@ENDMSG 2221 @!@!@
@!@!@STARTMSG 2221:0 @!@!@
  |line 34, col 20 to line 34, col 65 of module Single_Lane_Bridge: 7759
@!@!@ENDMSG 2221 @!@!@
@!@!@STARTMSG 2221:0 @!@!@
  ||line 34, col 22 to line 34, col 29 of module Single_Lane_Bridge: 7759
@!@!@ENDMSG 2221 @!@!@
@!@!@STARTMSG 2221:0 @!@!@
  ||line 34, col 38 to line 34, col 63 of module Single_Lane_Bridge: 7759
@!@!@ENDMSG 2221 @!@!@
@!@!@STARTMSG 2221:0 @!@!@
  ||line 34, col 47 to line 34, col 63 of module Single_Lane_Bridge: 7759
@!@!@ENDMSG 2221 @!@!@
@!@!@STARTMSG 2221:0 @!@!@
  |||line 27, col 22 to line 27, col 93 of module Single_Lane_Bridge: 7759
@!@!@ENDMSG 2221 @!@!@
@!@!@STARTMSG 2221:0 @!@!@
  ||||line 27, col 25 to line 27, col 41 of module Single_Lane_Bridge: 7759
@!@!@ENDMSG 2221 @!@!@
@!@!@STARTMSG 2221:0 @!@!@
  ||||line 27, col 48 to line 27, col 67 of module Single_Lane_Bridge: 3875
@!@!@ENDMSG 2221 @!@!@
@!@!@STARTMSG 2221:0 @!@!@
  |||||line 24, col 15 to line 24, col 44 of module Single_Lane_Bridge: 3875
@!@!@ENDMSG 2221 @!@!@
@!@!@STARTMSG 2221:0 @!@!@
  ||||||line 24, col 18 to line 24, col 24 of module Single_Lane_Bridge: 3875
@!@!@ENDMSG 2221 @!@!@
@!@!@STARTMSG 2221:0 @!@!@
  ||||||line 24, col 31 to line 24, col 37 of module Single_Lane_Bridge: 3063
@!@!@ENDMSG 2221 @!@!@
@!@!@STARTMSG 2221:0 @!@!@
  |||||line 27, col 54 to line 27, col 66 of module Single_Lane_Bridge: 3875
@!@!@ENDMSG 2221 @!@!@
@!@!@STARTMSG 2221:0 @!@!@
  ||||line 27, col 74 to line 27, col 93 of module Single_Lane_Bridge: 3884
@!@!@ENDMSG 2221 @!@!@
@!@!@STARTMSG 2221:0 @!@!@
  |||||line 25, col 15 to line 25, col 44 of module Single_Lane_Bridge: 3884
@!@!@ENDMSG 2221 @!@!@
@!@!@STARTMSG 2221:0 @!@!@
  ||||||line 25, col 18 to line 25, col 24 of module Single_Lane_Bridge: 3884
@!@!@ENDMSG 2221 @!@!@
@!@!@STARTMSG 2221:0 @!@!@
  ||||||line 25, col 31 to line 25, col 37 of module Single_Lane_Bridge: 3072
@!@!@ENDMSG 2221 @!@!@
@!@!@STARTMSG 2221:0 @!@!@
  |||||line 27, col 80 to line 27, col 92 of module Single_Lane_Bridge: 3884
@!@!@ENDMSG 2221 @!@!@
@!@!@STARTMSG 2221:0 @!@!@
  |||line 34, col 60 to line 34, col 62 of module Single_Lane_Bridge: 7759
@!@!@ENDMSG 2221 @!@!@
@!@!@STARTMSG 2221:0 @!@!@
  line 42, col 23 to line 42, col 25 of module Single_Lane_Bridge: 7759
@!@!@ENDMSG 2221 @!@!@
@!@!@STARTMSG 2772:0 @!@!@
<MoveInsideBridge line 44, col 1 to line 44, col 21 of module Single_Lane_Bridge>: 636:1775
@!@!@ENDMSG 2772 @!@!@
@!@!@STARTMSG 2221:0 @!@!@
  line 45, col 8 to line 45, col 27 of module Single_Lane_Bridge: 13731
@!@!@ENDMSG 2221 @!@!@
@!@!@STARTMSG 2221:0 @!@!@
  |line 45, col 8 to line 45, col 10 of module Single_Lane_Bridge: 11956
@!@!@ENDMSG 2221 @!@!@
@!@!@STARTMSG 2221:0 @!@!@
  |line 45, col 16 to line 45, col 27 of module Single_Lane_Bridge: 11956
@!@!@ENDMSG 2221 @!@!@
@!@!@STARTMSG 2221:0 @!@!@
  ||line 19, col 17 to line 19, col 55 of module Single_Lane_Bridge: 11956
@!@!@ENDMSG 2221 @!@!@
@!@!@STARTMSG 2221:0 @!@!@
  |||line 19, col 32 to line 19, col 53 of module Single_Lane_Bridge: 47824
@!@!@ENDMSG 2221 @!@!@
@!@!@STARTMSG 2221:0 @!@!@
  |||line 19, col 25 to line 19, col 28 of module Single_Lane_Bridge: 11956
@!@!@ENDMSG 2221 @!@!@
@!@!@STARTMSG 2221:0 @!@!@
  line 46, col 24 to line 46, col 54 of module Single_Lane_Bridge: 15642
@!@!@ENDMSG 2221 @!@!@
@!@!@STARTMSG 2221:0 @!@!@
  |line 46, col 24 to line 46, col 34 of module Single_Lane_Bridge: 8542
@!@!@ENDMSG 2221 @!@!@
@!@!@STARTMSG 2221:0 @!@!@
  |line 46, col 38 to line 46, col 54 of module Single_Lane_Bridge: 8542
@!@!@ENDMSG 2221 @!@!@
@!@!@STARTMSG 2221:0 @!@!@
  ||line 27, col 22 to line 27, col 93 of module Single_Lane_Bridge: 8542
@!@!@ENDMSG 2221 @!@!@
@!@!@STARTMSG 2221:0 @!@!@
  |||line 27, col 25 to line 27, col 41 of module Single_Lane_Bridge: 8542
@!@!@ENDMSG 2221 @!@!@
@!@!@STARTMSG 2221:0 @!@!@
  |||line 27, col 48 to line 27, col 67 of module Single_Lane_Bridge: 4314
@!@!@ENDMSG 2221 @!@!@
@!@!@STARTMSG 2221:0 @!@!@
  |||line 27, col 74 to line 27, col 93 of module Single_Lane_Bridge: 4228
@!@!@ENDMSG 2221 @!@!@
@!@!@STARTMSG 2221:0 @!@!@
  ||line 46, col 51 to line 46, col 53 of module Single_Lane_Bridge: 8542
@!@!@ENDMSG 2221 @!@!@
@!@!@STARTMSG 2221:0 @!@!@
  line 46, col 17 to line 46, col 20 of module Single_Lane_Bridge: 2391
@!@!@ENDMSG 2221 @!@!@
@!@!@STARTMSG 2221:0 @!@!@
  line 30, col 11 to line 31, col 68 of module Single_Lane_Bridge: 1775
@!@!@ENDMSG 2221 @!@!@
@!@!@STARTMSG 2221:0 @!@!@
  |line 30, col 14 to line 30, col 67 of module Single_Lane_Bridge: 1775
@!@!@ENDMSG 2221 @!@!@
@!@!@STARTMSG 2221:0 @!@!@
  ||line 30, col 14 to line 30, col 30 of module Single_Lane_Bridge: 1775
@!@!@ENDMSG 2221 @!@!@
@!@!@STARTMSG 2221:0 @!@!@
  ||line 30, col 35 to line 30, col 67 of module Single_Lane_Bridge: 894
@!@!@ENDMSG 2221 @!@!@
@!@!@STARTMSG 2221:0 @!@!@
  |line 31, col 14 to line 31, col 68 of module Single_Lane_Bridge: 1775
@!@!@ENDMSG 2221 @!@!@
@!@!@STARTMSG 2221:0 @!@!@
  ||line 31, col 14 to line 31, col 29 of module Single_Lane_Bridge: 1775
@!@!@ENDMSG 2221 @!@!@
@!@!@STARTMSG 2221:0 @!@!@
  ||line 31, col 34 to line 31, col 68 of module Single_Lane_Bridge: 881
@!@!@ENDMSG 2221 @!@!@
@!@!@STARTMSG 2221:0 @!@!@
  line 32, col 14 to line 32, col 44 of module Single_Lane_Bridge: 0
@!@!@ENDMSG 2221 @!@!@
@!@!@STARTMSG 2221:0 @!@!@
  line 33, col 14 to line 33, col 30 of module Single_Lane_Bridge: 1775
@!@!@ENDMSG 2221 @!@!@
@!@!@STARTMSG 2221:0 @!@!@
  line 34, col 8 to line 34, col 65 of module Single_Lane_Bridge: 1775
@!@!@ENDMSG 2221 @!@!@
@!@!@STARTMSG 2221:0 @!@!@
  |line 34, col 20 to line 34, col 65 of module Single_Lane_Bridge: 1775
@!@!@ENDMSG 2221 @!@!@
@!@!@STARTMSG 2221:0 @!@!@
  ||line 34, col 22 to line 34, col 29 of module Single_Lane_Bridge: 1775
@!@!@ENDMSG 2221 @!@!@
@!@!@STARTMSG 2221:0 @!@!@
  ||line 34, col 38 to line 34, col 63 of module Single_Lane_Bridge: 1775
@!@!@ENDMSG 2221 @!@!@
@!@!@STARTMSG 2221:0 @!@!@
  ||line 34, col 47 to line 34, col 63 of module Single_Lane_Bridge: 1775
@!@!@ENDMSG 2221 @!@!@
@!@!@STARTMSG 2221:0 @!@!@
  |||line 27, col 22 to line 27, col 93 of module Single_Lane_Bridge: 1775
@!@!@ENDMSG 2221 @!@!@
@!@!@STARTMSG 2221:0 @!@!@
  ||||line 27, col 25 to line 27, col 41 of module Single_Lane_Bridge: 1775
@!@!@ENDMSG 2221 @!@!@
@!@!@STARTMSG 2221:0 @!@!@
  ||||line 27, col 48 to line 27, col 67 of module Single_Lane_Bridge: 894
@!@!@ENDMSG 2221 @!@!@
@!@!@STARTMSG 2221:0 @!@!@
  ||||line 27, col 74 to line 27, col 93 of module Single_Lane_Bridge: 881
@!@!@ENDMSG 2221 @!@!@
@!@!@STARTMSG 2221:0 @!@!@
  |||line 34, col 60 to line 34, col 62 of module Single_Lane_Bridge: 1775
@!@!@ENDMSG 2221 @!@!@
@!@!@STARTMSG 2221:0 @!@!@
  line 47, col 23 to line 47, col 25 of module Single_Lane_Bridge: 1775
@!@!@ENDMSG 2221 @!@!@
@!@!@STARTMSG 2772:0 @!@!@
<EnterBridge line 49, col 1 to line 49, col 11 of module Single_Lane_Bridge (50 9 53 35)>: 159:2456
@!@!@ENDMSG 2772 @!@!@
@!@!@STARTMSG 2221:0 @!@!@
  line 50, col 12 to line 50, col 28 of module Single_Lane_Bridge: 14412
@!@!@ENDMSG 2221 @!@!@
@!@!@STARTMSG 2221:0 @!@!@
  |line 50, col 12 to line 50, col 23 of module Single_Lane_Bridge: 11956
@!@!@ENDMSG 2221 @!@!@
@!@!@STARTMSG 2221:0 @!@!@
  ||line 19, col 17 to line 19, col 55 of module Single_Lane_Bridge: 11956
@!@!@ENDMSG 2221 @!@!@
@!@!@STARTMSG 2221:0 @!@!@
  |||line 19, col 32 to line 19, col 53 of module Single_Lane_Bridge: 47824
@!@!@ENDMSG 2221 @!@!@
@!@!@STARTMSG 2221:0 @!@!@
  |||line 19, col 25 to line 19, col 28 of module Single_Lane_Bridge: 11956
@!@!@ENDMSG 2221 @!@!@
@!@!@STARTMSG 2221:0 @!@!@
  |line 50, col 27 to line 50, col 28 of module Single_Lane_Bridge: 11956
@!@!@ENDMSG 2221 @!@!@
@!@!@STARTMSG 2221:0 @!@!@
  line 51, col 12 to line 51, col 27 of module Single_Lane_Bridge: 6160
@!@!@ENDMSG 2221 @!@!@
@!@!@STARTMSG 2221:0 @!@!@
  |line 51, col 12 to line 51, col 23 of module Single_Lane_Bridge: 3704
@!@!@ENDMSG 2221 @!@!@
@!@!@STARTMSG 2221:0 @!@!@
  line 52, col 12 to line 52, col 89 of module Single_Lane_Bridge: 2456
@!@!@ENDMSG 2221 @!@!@
@!@!@STARTMSG 2221:0 @!@!@
  |line 52, col 24 to line 52, col 89 of module Single_Lane_Bridge: 2456
@!@!@ENDMSG 2221 @!@!@
@!@!@STARTMSG 2221:0 @!@!@
  ||line 52, col 26 to line 52, col 33 of module Single_Lane_Bridge: 2456
@!@!@ENDMSG 2221 @!@!@
@!@!@STARTMSG 2221:0 @!@!@
  ||line 52, col 42 to line 52, col 87 of module Single_Lane_Bridge: 2456
@!@!@ENDMSG 2221 @!@!@
@!@!@STARTMSG 2221:0 @!@!@
  ||line 52, col 61 to line 52, col 87 of module Single_Lane_Bridge: 2456
@!@!@ENDMSG 2221 @!@!@
@!@!@STARTMSG 2221:0 @!@!@
  |||line 27, col 22 to line 27, col 93 of module Single_Lane_Bridge: 2456
@!@!@ENDMSG 2221 @!@!@
@!@!@STARTMSG 2221:0 @!@!@
  ||||line 27, col 25 to line 27, col 41 of module Single_Lane_Bridge: 2456
@!@!@ENDMSG 2221 @!@!@
@!@!@STARTMSG 2221:0 @!@!@
  ||||line 27, col 48 to line 27, col 67 of module Single_Lane_Bridge: 1220
@!@!@ENDMSG 2221 @!@!@
@!@!@STARTMSG 2221:0 @!@!@
  ||||line 27, col 74 to line 27, col 93 of module Single_Lane_Bridge: 1236
@!@!@ENDMSG 2221 @!@!@
@!@!@STARTMSG 2221:0 @!@!@
  |||line 52, col 74 to line 52, col 86 of module Single_Lane_Bridge: 2456
@!@!@ENDMSG 2221 @!@!@
@!@!@STARTMSG 2221:0 @!@!@
  line 53, col 12 to line 53, col 35 of module Single_Lane_Bridge: 2456
@!@!@ENDMSG 2221 @!@!@
@!@!@STARTMSG 2772:0 @!@!@
<EnterBridge line 49, col 1 to line 49, col 11 of module Single_Lane_Bridge (54 9 59 35)>: 76:3288
@!@!@ENDMSG 2772 @!@!@
@!@!@STARTMSG 2221:0 @!@!@
  line 54, col 12 to line 54, col 27 of module Single_Lane_Bridge: 15244
@!@!@ENDMSG 2221 @!@!@
@!@!@STARTMSG 2221:0 @!@!@
  |line 54, col 12 to line 54, col 23 of module Single_Lane_Bridge: 11956
@!@!@ENDMSG 2221 @!@!@
@!@!@STARTMSG 2221:0 @!@!@
  line 55, col 12 to line 55, col 44 of module Single_Lane_Bridge: 9968
@!@!@ENDMSG 2221 @!@!@
@!@!@STARTMSG 2221:0 @!@!@
  |line 55, col 12 to line 55, col 24 of module Single_Lane_Bridge: 6680
@!@!@ENDMSG 2221 @!@!@
@!@!@STARTMSG 2221:0 @!@!@
  |line 55, col 33 to line 55, col 44 of module Single_Lane_Bridge: 6680
@!@!@ENDMSG 2221 @!@!@
@!@!@STARTMSG 2221:0 @!@!@
  ||line 19, col 17 to line 19, col 55 of module Single_Lane_Bridge: 6680
@!@!@ENDMSG 2221 @!@!@
@!@!@STARTMSG 2221:0 @!@!@
  |||line 19, col 32 to line 19, col 53 of module Single_Lane_Bridge: 26720
@!@!@ENDMSG 2221 @!@!@
@!@!@STARTMSG 2221:0 @!@!@
  |||line 19, col 25 to line 19, col 28 of module Single_Lane_Bridge: 6680
@!@!@ENDMSG 2221 @!@!@
@!@!@STARTMSG 2221:0 @!@!@
  line 37, col 8 to line 37, col 24 of module Single_Lane_Bridge: 8316
@!@!@ENDMSG 2221 @!@!@
@!@!@STARTMSG 2221:0 @!@!@
  |line 37, col 8 to line 37, col 10 of module Single_Lane_Bridge: 6680
@!@!@ENDMSG 2221 @!@!@
@!@!@STARTMSG 2221:0 @!@!@
  |line 37, col 16 to line 37, col 24 of module Single_Lane_Bridge: 6680
@!@!@ENDMSG 2221 @!@!@
@!@!@STARTMSG 2221:0 @!@!@
  line 37, col 29 to line 37, col 67 of module Single_Lane_Bridge: 1220
@!@!@ENDMSG 2221 @!@!@
@!@!@STARTMSG 2221:0 @!@!@
  |line 37, col 53 to line 37, col 67 of module Single_Lane_Bridge: 2528
@!@!@ENDMSG 2221 @!@!@
@!@!@STARTMSG 2221:0 @!@!@
  ||line 37, col 53 to line 37, col 53 of module Single_Lane_Bridge: 2112
@!@!@ENDMSG 2221 @!@!@
@!@!@STARTMSG 2221:0 @!@!@
  ||line 37, col 59 to line 37, col 67 of module Single_Lane_Bridge: 2112
@!@!@ENDMSG 2221 @!@!@
@!@!@STARTMSG 2221:0 @!@!@
  |line 37, col 38 to line 37, col 49 of module Single_Lane_Bridge: 3332
@!@!@ENDMSG 2221 @!@!@
@!@!@STARTMSG 2775:0 @!@!@
  ||line 19, col 17 to line 19, col 55 of module Single_Lane_Bridge: 3332:5684
@!@!@ENDMSG 2775 @!@!@
@!@!@STARTMSG 2221:0 @!@!@
  |||line 19, col 32 to line 19, col 53 of module Single_Lane_Bridge: 13328
@!@!@ENDMSG 2221 @!@!@
@!@!@STARTMSG 2221:0 @!@!@
  |||line 19, col 25 to line 19, col 28 of module Single_Lane_Bridge: 3332
@!@!@ENDMSG 2221 @!@!@
@!@!@STARTMSG 2221:0 @!@!@
  line 38, col 8 to line 38, col 23 of module Single_Lane_Bridge: 8332
@!@!@ENDMSG 2221 @!@!@
@!@!@STARTMSG 2221:0 @!@!@
  |line 38, col 8 to line 38, col 10 of module Single_Lane_Bridge: 6680
@!@!@ENDMSG 2221 @!@!@
@!@!@STARTMSG 2221:0 @!@!@
  |line 38, col 16 to line 38, col 23 of module Single_Lane_Bridge: 6680
@!@!@ENDMSG 2221 @!@!@
@!@!@STARTMSG 2221:0 @!@!@
  line 38, col 28 to line 38, col 65 of module Single_Lane_Bridge: 1236
@!@!@ENDMSG 2221 @!@!@
@!@!@STARTMSG 2221:0 @!@!@
  |line 38, col 52 to line 38, col 65 of module Single_Lane_Bridge: 2528
@!@!@ENDMSG 2221 @!@!@
@!@!@STARTMSG 2221:0 @!@!@
  ||line 38, col 52 to line 38, col 52 of module Single_Lane_Bridge: 2112
@!@!@ENDMSG 2221 @!@!@
@!@!@STARTMSG 2221:0 @!@!@
  ||line 38, col 58 to line 38, col 65 of module Single_Lane_Bridge: 2112
@!@!@ENDMSG 2221 @!@!@
@!@!@STARTMSG 2221:0 @!@!@
  |line 38, col 37 to line 38, col 48 of module Single_Lane_Bridge: 3348
@!@!@ENDMSG 2221 @!@!@
@!@!@STARTMSG 2775:0 @!@!@
  ||line 19, col 17 to line 19, col 55 of module Single_Lane_Bridge: 3348:5700
@!@!@ENDMSG 2775 @!@!@
@!@!@STARTMSG 2221:0 @!@!@
  |||line 19, col 32 to line 19, col 53 of module Single_Lane_Bridge: 13392
@!@!@ENDMSG 2221 @!@!@
@!@!@STARTMSG 2221:0 @!@!@
  |||line 19, col 25 to line 19, col 28 of module Single_Lane_Bridge: 3348
@!@!@ENDMSG 2221 @!@!@
@!@!@STARTMSG 2221:0 @!@!@
  line 56, col 30 to line 56, col 42 of module Single_Lane_Bridge: 6680
@!@!@ENDMSG 2221 @!@!@
@!@!@STARTMSG 2221:0 @!@!@
  line 57, col 28 to line 57, col 68 of module Single_Lane_Bridge: 27344
@!@!@ENDMSG 2221 @!@!@
@!@!@STARTMSG 2221:0 @!@!@
  |line 57, col 28 to line 57, col 38 of module Single_Lane_Bridge: 14192
@!@!@ENDMSG 2221 @!@!@
@!@!@STARTMSG 2221:0 @!@!@
  |line 57, col 42 to line 57, col 68 of module Single_Lane_Bridge: 14192
@!@!@ENDMSG 2221 @!@!@
@!@!@STARTMSG 2221:0 @!@!@
  ||line 27, col 22 to line 27, col 93 of module Single_Lane_Bridge: 14192
@!@!@ENDMSG 2221 @!@!@
@!@!@STARTMSG 2221:0 @!@!@
  |||line 27, col 25 to line 27, col 41 of module Single_Lane_Bridge: 14192
@!@!@ENDMSG 2221 @!@!@
@!@!@STARTMSG 2221:0 @!@!@
  |||line 27, col 48 to line 27, col 67 of module Single_Lane_Bridge: 7064
@!@!@ENDMSG 2221 @!@!@
@!@!@STARTMSG 2221:0 @!@!@
  |||line 27, col 74 to line 27, col 93 of module Single_Lane_Bridge: 7128
@!@!@ENDMSG 2221 @!@!@
@!@!@STARTMSG 2221:0 @!@!@
  ||line 57, col 55 to line 57, col 67 of module Single_Lane_Bridge: 14192
@!@!@ENDMSG 2221 @!@!@
@!@!@STARTMSG 2221:0 @!@!@
  line 57, col 21 to line 57, col 24 of module Single_Lane_Bridge: 3704
@!@!@ENDMSG 2221 @!@!@
@!@!@STARTMSG 2221:0 @!@!@
  line 58, col 12 to line 58, col 89 of module Single_Lane_Bridge: 3288
@!@!@ENDMSG 2221 @!@!@
@!@!@STARTMSG 2221:0 @!@!@
  |line 58, col 24 to line 58, col 89 of module Single_Lane_Bridge: 3288
@!@!@ENDMSG 2221 @!@!@
@!@!@STARTMSG 2221:0 @!@!@
  ||line 58, col 26 to line 58, col 33 of module Single_Lane_Bridge: 3288
@!@!@ENDMSG 2221 @!@!@
@!@!@STARTMSG 2221:0 @!@!@
  ||line 58, col 42 to line 58, col 87 of module Single_Lane_Bridge: 3288
@!@!@ENDMSG 2221 @!@!@
@!@!@STARTMSG 2221:0 @!@!@
  ||line 58, col 61 to line 58, col 87 of module Single_Lane_Bridge: 3288
@!@!@ENDMSG 2221 @!@!@
@!@!@STARTMSG 2221:0 @!@!@
  |||line 27, col 22 to line 27, col 93 of module Single_Lane_Bridge: 3288
@!@!@ENDMSG 2221 @!@!@
@!@!@STARTMSG 2221:0 @!@!@
  ||||line 27, col 25 to line 27, col 41 of module Single_Lane_Bridge: 3288
@!@!@ENDMSG 2221 @!@!@
@!@!@STARTMSG 2221:0 @!@!@
  ||||line 27, col 48 to line 27, col 67 of module Single_Lane_Bridge: 1636
@!@!@ENDMSG 2221 @!@!@
@!@!@STARTMSG 2221:0 @!@!@
  ||||line 27, col 74 to line 27, col 93 of module Single_Lane_Bridge: 1652
@!@!@ENDMSG 2221 @!@!@
@!@!@STARTMSG 2221:0 @!@!@
  |||line 58, col 74 to line 58, col 86 of module Single_Lane_Bridge: 3288
@!@!@ENDMSG 2221 @!@!@
@!@!@STARTMSG 2221:0 @!@!@
  line 59, col 12 to line 59, col 35 of module Single_Lane_Bridge: 3288
@!@!@ENDMSG 2221 @!@!@
@!@!@STARTMSG 2774:0 @!@!@
<Invariants line 70, col 1 to line 70, col 10 of module Single_Lane_Bridge>
@!@!@ENDMSG 2774 @!@!@
@!@!@STARTMSG 2221:0 @!@!@
  line 71, col 5 to line 81, col 60 of module Single_Lane_Bridge: 2840
@!@!@ENDMSG 2221 @!@!@
@!@!@STARTMSG 2221:0 @!@!@
  |line 71, col 8 to line 71, col 13 of module Single_Lane_Bridge: 2840
@!@!@ENDMSG 2221 @!@!@
@!@!@STARTMSG 2221:0 @!@!@
  |line 73, col 8 to line 76, col 16 of module Single_Lane_Bridge: 2840
@!@!@ENDMSG 2221 @!@!@
@!@!@STARTMSG 2221:0 @!@!@
  ||line 74, col 9 to line 76, col 16 of module Single_Lane_Bridge: 45440
@!@!@ENDMSG 2221 @!@!@
@!@!@STARTMSG 2221:0 @!@!@
  |||line 74, col 9 to line 75, col 36 of module Single_Lane_Bridge: 45440
@!@!@ENDMSG 2221 @!@!@
@!@!@STARTMSG 2221:0 @!@!@
  ||||line 74, col 12 to line 74, col 33 of module Single_Lane_Bridge: 45440
@!@!@ENDMSG 2221 @!@!@
@!@!@STARTMSG 2221:0 @!@!@
  ||||line 75, col 12 to line 75, col 36 of module Single_Lane_Bridge: 9312
@!@!@ENDMSG 2221 @!@!@
@!@!@STARTMSG 2221:0 @!@!@
  |||line 76, col 12 to line 76, col 16 of module Single_Lane_Bridge: 2328
@!@!@ENDMSG 2221 @!@!@
@!@!@STARTMSG 2221:0 @!@!@
  ||line 73, col 19 to line 73, col 22 of module Single_Lane_Bridge: 2840
@!@!@ENDMSG 2221 @!@!@
@!@!@STARTMSG 2221:0 @!@!@
  |line 78, col 8 to line 78, col 58 of module Single_Lane_Bridge: 2840
@!@!@ENDMSG 2221 @!@!@
@!@!@STARTMSG 2221:0 @!@!@
  ||line 78, col 8 to line 78, col 32 of module Single_Lane_Bridge: 2840
@!@!@ENDMSG 2221 @!@!@
@!@!@STARTMSG 2221:0 @!@!@
  |||line 78, col 20 to line 78, col 31 of module Single_Lane_Bridge: 2840
@!@!@ENDMSG 2221 @!@!@
@!@!@STARTMSG 2221:0 @!@!@
  ||||line 19, col 17 to line 19, col 55 of module Single_Lane_Bridge: 2840
@!@!@ENDMSG 2221 @!@!@
@!@!@STARTMSG 2221:0 @!@!@
  |||||line 19, col 32 to line 19, col 53 of module Single_Lane_Bridge: 11360
@!@!@ENDMSG 2221 @!@!@
@!@!@STARTMSG 2221:0 @!@!@
  |||||line 19, col 25 to line 19, col 28 of module Single_Lane_Bridge: 2840
@!@!@ENDMSG 2221 @!@!@
@!@!@STARTMSG 2221:0 @!@!@
  ||line 78, col 36 to line 78, col 58 of module Single_Lane_Bridge: 2840
@!@!@ENDMSG 2221 @!@!@
@!@!@STARTMSG 2221:0 @!@!@
  |line 80, col 8 to line 81, col 60 of module Single_Lane_Bridge: 2840
@!@!@ENDMSG 2221 @!@!@
@!@!@STARTMSG 2221:0 @!@!@
  ||line 81, col 9 to line 81, col 60 of module Single_Lane_Bridge: 11360
@!@!@ENDMSG 2221 @!@!@
@!@!@STARTMSG 2221:0 @!@!@
  |||line 81, col 12 to line 81, col 59 of module Single_Lane_Bridge: 11360
@!@!@ENDMSG 2221 @!@!@
@!@!@STARTMSG 2221:0 @!@!@
  ||||line 81, col 12 to line 81, col 33 of module Single_Lane_Bridge: 11360
@!@!@ENDMSG 2221 @!@!@
@!@!@STARTMSG 2221:0 @!@!@
  ||||line 81, col 38 to line 81, col 59 of module Single_Lane_Bridge: 2328
@!@!@ENDMSG 2221 @!@!@
@!@!@STARTMSG 2775:0 @!@!@
  ||line 80, col 23 to line 80, col 43 of module Single_Lane_Bridge: 2840:22720
@!@!@ENDMSG 2775 @!@!@
@!@!@STARTMSG 2202:0 @!@!@
End of statistics.
@!@!@ENDMSG 2202 @!@!@
@!@!@STARTMSG 2200:0 @!@!@
Progress(29) at 2021-03-08 21:16:06: 14,377 states generated (320,438 s/min), 2,840 distinct states found (63,298 ds/min), 0 states left on queue.
@!@!@ENDMSG 2200 @!@!@
@!@!@STARTMSG 2199:0 @!@!@
14377 states generated, 2840 distinct states found, 0 states left on queue.
@!@!@ENDMSG 2199 @!@!@
@!@!@STARTMSG 2194:0 @!@!@
The depth of the complete state graph search is 29.
@!@!@ENDMSG 2194 @!@!@
@!@!@STARTMSG 2268:0 @!@!@
The average outdegree of the complete state graph is 1 (minimum is 0, the maximum 4 and the 95th percentile is 2).
@!@!@ENDMSG 2268 @!@!@
@!@!@STARTMSG 2186:0 @!@!@
Finished in 2699ms at (2021-03-08 21:16:06)
@!@!@ENDMSG 2186 @!@!@
